Copyright 1986-2015 Xilinx, Inc. All Rights Reserved.
------------------------------------------------------------------------------------
| Tool Version : Vivado v.2015.2 (win64) Build 1266856 Fri Jun 26 16:35:25 MDT 2015
| Date         : Sat Dec 16 18:09:52 2017
| Host         : EALAB01 running 64-bit Service Pack 1  (build 7601)
| Command      : report_control_sets -verbose -file Main_control_sets_placed.rpt
| Design       : Main
| Device       : xc7a35t
------------------------------------------------------------------------------------

Control Set Information

Table of Contents
-----------------
1. Summary
2. Flip-Flop Distribution
3. Detailed Control Set Information

1. Summary
----------

+-------------------------------------------------------------------+-------+
|                               Status                              | Count |
+-------------------------------------------------------------------+-------+
| Number of unique control sets                                     |     9 |
| Minimum Number of register sites lost to control set restrictions |    29 |
+-------------------------------------------------------------------+-------+


2. Flip-Flop Distribution
-------------------------

+--------------+-----------------------+------------------------+-----------------+--------------+
| Clock Enable | Synchronous Set/Reset | Asynchronous Set/Reset | Total Registers | Total Slices |
+--------------+-----------------------+------------------------+-----------------+--------------+
| No           | No                    | No                     |              55 |           20 |
| No           | No                    | Yes                    |               0 |            0 |
| No           | Yes                   | No                     |              45 |           12 |
| Yes          | No                    | No                     |              17 |            9 |
| Yes          | No                    | Yes                    |               0 |            0 |
| Yes          | Yes                   | No                     |              30 |            7 |
+--------------+-----------------------+------------------------+-----------------+--------------+


3. Detailed Control Set Information
-----------------------------------

+----------------+-------------------------------+----------------------------+------------------+----------------+
|  Clock Signal  |         Enable Signal         |      Set/Reset Signal      | Slice Load Count | Bel Load Count |
+----------------+-------------------------------+----------------------------+------------------+----------------+
|  clk_IBUF_BUFG | wrap/rotation_duration_saved  |                            |                3 |              4 |
|  clk_IBUF_BUFG | key/FSM_onehot_row[4]_i_1_n_0 |                            |                2 |              4 |
|  clk_IBUF_BUFG | incdec/hexNum[3]_i_1_n_0      | reset_IBUF                 |                1 |              4 |
|  clk_IBUF_BUFG | key/count_deb                 | key/count_deb[5]_i_1_n_0   |                1 |              6 |
|  clk_IBUF_BUFG | key/clk_en2                   |                            |                4 |              9 |
|  clk_IBUF_BUFG |                               | reset_IBUF                 |                4 |             16 |
|  clk_IBUF_BUFG | wrap/stepmotor_inst0/sel      | wrap/stepmotor_inst0/clear |                5 |             20 |
|  clk_IBUF_BUFG |                               | wrap/count[28]_i_1_n_0     |                8 |             29 |
|  clk_IBUF_BUFG |                               |                            |               21 |             56 |
+----------------+-------------------------------+----------------------------+------------------+----------------+


